0 info it worked if it ends with ok
1 verbose cli [ '/usr/local/bin/node',
1 verbose cli   '/usr/local/bin/npm',
1 verbose cli   'install',
1 verbose cli   '-g',
1 verbose cli   'ionic' ]
2 info using npm@2.14.7
3 info using node@v4.2.1
4 verbose install initial load of /usr/local/lib/package.json
5 verbose readDependencies loading dependencies from /usr/local/lib/package.json
6 silly cache add args [ 'ionic', null ]
7 verbose cache add spec ionic
8 silly cache add parsed spec Result {
8 silly cache add   raw: 'ionic',
8 silly cache add   scope: null,
8 silly cache add   name: 'ionic',
8 silly cache add   rawSpec: '',
8 silly cache add   spec: '*',
8 silly cache add   type: 'range' }
9 silly addNamed ionic@*
10 verbose addNamed "*" is a valid semver range for ionic
11 silly addNameRange { name: 'ionic', range: '*', hasData: false }
12 silly mapToRegistry name ionic
13 silly mapToRegistry using default registry
14 silly mapToRegistry registry https://registry.npmjs.org/
15 silly mapToRegistry uri https://registry.npmjs.org/ionic
16 verbose addNameRange registry:https://registry.npmjs.org/ionic not in flight; fetching
17 verbose request uri https://registry.npmjs.org/ionic
18 verbose request no auth needed
19 info attempt registry request try #1 at 3:00:07 PM
20 verbose request id 22b4c83c36df0772
21 verbose etag "6PII78BB43TSAD8WRLFUS00I2"
22 http request GET https://registry.npmjs.org/ionic
23 http 200 https://registry.npmjs.org/ionic
24 verbose headers { server: 'CouchDB/1.5.0 (Erlang OTP/R16B03)',
24 verbose headers   etag: '"67N4ZHNF7NWJ26JQUHHB7HR46"',
24 verbose headers   'content-type': 'application/json',
24 verbose headers   'cache-control': 'max-age=300',
24 verbose headers   'content-length': '667634',
24 verbose headers   'accept-ranges': 'bytes',
24 verbose headers   date: 'Sat, 06 Feb 2016 07:00:09 GMT',
24 verbose headers   via: '1.1 varnish',
24 verbose headers   age: '0',
24 verbose headers   connection: 'keep-alive',
24 verbose headers   'x-served-by': 'cache-sjc3626-SJC',
24 verbose headers   'x-cache': 'HIT',
24 verbose headers   'x-cache-hits': '1',
24 verbose headers   'x-timer': 'S1454742009.472702,VS0,VE45',
24 verbose headers   vary: 'Accept' }
25 silly get cb [ 200,
25 silly get   { server: 'CouchDB/1.5.0 (Erlang OTP/R16B03)',
25 silly get     etag: '"67N4ZHNF7NWJ26JQUHHB7HR46"',
25 silly get     'content-type': 'application/json',
25 silly get     'cache-control': 'max-age=300',
25 silly get     'content-length': '667634',
25 silly get     'accept-ranges': 'bytes',
25 silly get     date: 'Sat, 06 Feb 2016 07:00:09 GMT',
25 silly get     via: '1.1 varnish',
25 silly get     age: '0',
25 silly get     connection: 'keep-alive',
25 silly get     'x-served-by': 'cache-sjc3626-SJC',
25 silly get     'x-cache': 'HIT',
25 silly get     'x-cache-hits': '1',
25 silly get     'x-timer': 'S1454742009.472702,VS0,VE45',
25 silly get     vary: 'Accept' } ]
26 verbose get saving ionic to /Users/franky/.npm/registry.npmjs.org/ionic/.cache.json
27 silly addNameRange number 2 { name: 'ionic', range: '*', hasData: true }
28 silly addNameRange versions [ 'ionic',
28 silly addNameRange   [ '0.9.6',
28 silly addNameRange     '0.9.8',
28 silly addNameRange     '0.9.9',
28 silly addNameRange     '0.9.10',
28 silly addNameRange     '0.9.11',
28 silly addNameRange     '0.9.12',
28 silly addNameRange     '0.9.13',
28 silly addNameRange     '0.9.14',
28 silly addNameRange     '0.9.15',
28 silly addNameRange     '0.9.16',
28 silly addNameRange     '1.0.0-beta.1',
28 silly addNameRange     '1.0.0-beta',
28 silly addNameRange     '1.0.1-beta',
28 silly addNameRange     '1.0.3-beta',
28 silly addNameRange     '1.0.4',
28 silly addNameRange     '1.0.5',
28 silly addNameRange     '1.0.6',
28 silly addNameRange     '1.0.7',
28 silly addNameRange     '1.0.8',
28 silly addNameRange     '1.0.9',
28 silly addNameRange     '1.0.10',
28 silly addNameRange     '1.0.11',
28 silly addNameRange     '1.0.12',
28 silly addNameRange     '1.0.13',
28 silly addNameRange     '1.0.14',
28 silly addNameRange     '1.0.15',
28 silly addNameRange     '1.0.16',
28 silly addNameRange     '1.0.17',
28 silly addNameRange     '1.1.0-beta1',
28 silly addNameRange     '1.1.0-beta2',
28 silly addNameRange     '1.1.0-beta3',
28 silly addNameRange     '1.1.0-beta4',
28 silly addNameRange     '1.1.0-beta5',
28 silly addNameRange     '1.1.0-beta6',
28 silly addNameRange     '1.1.0',
28 silly addNameRange     '1.1.1-beta1',
28 silly addNameRange     '1.1.1-beta2',
28 silly addNameRange     '1.1.1-beta3',
28 silly addNameRange     '1.1.1',
28 silly addNameRange     '1.1.3',
28 silly addNameRange     '1.1.4',
28 silly addNameRange     '1.1.5-beta1',
28 silly addNameRange     '1.1.5-beta2',
28 silly addNameRange     '1.1.5-beta3',
28 silly addNameRange     '1.1.5-beta4',
28 silly addNameRange     '1.1.5-beta5',
28 silly addNameRange     '1.1.5',
28 silly addNameRange     '1.1.6',
28 silly addNameRange     '1.1.7-beta1',
28 silly addNameRange     '1.1.7',
28 silly addNameRange     '1.1.8-beta1',
28 silly addNameRange     '1.1.8-beta2',
28 silly addNameRange     '1.1.8-beta3',
28 silly addNameRange     '1.1.8-beta4',
28 silly addNameRange     '1.1.8-beta5',
28 silly addNameRange     '1.1.8',
28 silly addNameRange     '1.1.9-beta1',
28 silly addNameRange     '1.1.9',
28 silly addNameRange     '1.1.10',
28 silly addNameRange     '1.1.11-beta1',
28 silly addNameRange     '1.1.11-beta2',
28 silly addNameRange     '1.1.11',
28 silly addNameRange     '1.1.12-beta1',
28 silly addNameRange     '1.1.12-beta2',
28 silly addNameRange     '1.1.12-beta3',
28 silly addNameRange     '1.1.12',
28 silly addNameRange     '1.1.13',
28 silly addNameRange     '1.1.14-beta1',
28 silly addNameRange     '1.1.14-beta2',
28 silly addNameRange     '1.1.14-beta3',
28 silly addNameRange     '1.2.0-beta1',
28 silly addNameRange     '1.2.0',
28 silly addNameRange     '1.2.1-beta1',
28 silly addNameRange     '1.2.1-beta2',
28 silly addNameRange     '1.2.1-beta3',
28 silly addNameRange     '1.2.1-beta4',
28 silly addNameRange     '1.2.1',
28 silly addNameRange     '1.2.2',
28 silly addNameRange     '1.2.3-beta1',
28 silly addNameRange     '1.2.3-beta2',
28 silly addNameRange     '1.2.3-beta3',
28 silly addNameRange     '1.2.3',
28 silly addNameRange     '1.2.4-beta1',
28 silly addNameRange     '1.2.4-beta2',
28 silly addNameRange     '1.2.4-beta3',
28 silly addNameRange     '1.2.4',
28 silly addNameRange     '1.2.5-beta1',
28 silly addNameRange     '1.2.5-beta2',
28 silly addNameRange     '1.2.5-beta3',
28 silly addNameRange     '1.2.5',
28 silly addNameRange     '1.2.6-beta1',
28 silly addNameRange     '1.2.6-beta2',
28 silly addNameRange     '1.2.6-beta3',
28 silly addNameRange     '1.2.6',
28 silly addNameRange     '1.2.7',
28 silly addNameRange     '1.2.8-beta1',
28 silly addNameRange     '1.2.8-beta2',
28 silly addNameRange     '1.2.8',
28 silly addNameRange     '1.2.9',
28 silly addNameRange     '1.2.10',
28 silly addNameRange     '1.2.11',
28 silly addNameRange     '1.2.12',
28 silly addNameRange     '1.2.13',
28 silly addNameRange     '1.2.14-beta1',
28 silly addNameRange     '1.2.14-beta2',
28 silly addNameRange     '1.2.14-beta3',
28 silly addNameRange     '1.2.14-beta4',
28 silly addNameRange     '1.2.14-beta5',
28 silly addNameRange     '1.2.14-beta6',
28 silly addNameRange     '1.2.14',
28 silly addNameRange     '1.3.0-beta1',
28 silly addNameRange     '1.3.0',
28 silly addNameRange     '1.3.1',
28 silly addNameRange     '1.3.2',
28 silly addNameRange     '1.3.3',
28 silly addNameRange     '1.3.4',
28 silly addNameRange     '1.3.5',
28 silly addNameRange     '1.3.6',
28 silly addNameRange     '1.3.7',
28 silly addNameRange     '1.3.8',
28 silly addNameRange     '1.3.9',
28 silly addNameRange     '1.3.10',
28 silly addNameRange     '1.4.0-alpha.1',
28 silly addNameRange     '1.3.11',
28 silly addNameRange     '1.3.1-1.alpha.0',
28 silly addNameRange     '1.4.0-alpha.2',
28 silly addNameRange     '1.3.12',
28 silly addNameRange     '1.3.12-beta.1',
28 silly addNameRange     '1.3.12-beta.2',
28 silly addNameRange     '1.3.13-beta.0',
28 silly addNameRange     '1.3.1-3.beta.1',
28 silly addNameRange     '1.3.1-3.beta.2',
28 silly addNameRange     '1.3.13',
28 silly addNameRange     '1.3.1-3.beta.4',
28 silly addNameRange     '1.3.14-beta',
28 silly addNameRange     '1.3.14-beta.1',
28 silly addNameRange     '1.4.0-alpha.3',
28 silly addNameRange     '1.3.14',
28 silly addNameRange     '1.4.0-alpha.4',
28 silly addNameRange     '1.4.0-alpha.5',
28 silly addNameRange     '1.3.15-beta.0',
28 silly addNameRange     '1.3.15-beta.1',
28 silly addNameRange     '1.3.15-beta.2',
28 silly addNameRange     '1.3.15-beta.3',
28 silly addNameRange     '1.3.15-beta.4',
28 silly addNameRange     '1.3.15',
28 silly addNameRange     '1.3.16',
28 silly addNameRange     '1.4.0-alpha.6',
28 silly addNameRange     '1.3.17-beta.0',
28 silly addNameRange     '1.3.17-beta.1',
28 silly addNameRange     '1.3.17-beta.2',
28 silly addNameRange     '1.3.17-beta.3',
28 silly addNameRange     '1.3.1-7.beta.4',
28 silly addNameRange     '1.3.17',
28 silly addNameRange     '1.3.18-beta.0',
28 silly addNameRange     '1.3.18-beta.1',
28 silly addNameRange     '1.3.18-beta.2',
28 silly addNameRange     '1.3.18-beta.3',
28 silly addNameRange     '1.3.18',
28 silly addNameRange     '1.3.19-beta.0',
28 silly addNameRange     '1.3.19-beta.1',
28 silly addNameRange     '1.3.19-beta.2',
28 silly addNameRange     '1.3.19-beta.3',
28 silly addNameRange     '1.3.19-beta.4',
28 silly addNameRange     '1.3.19',
28 silly addNameRange     '1.3.20',
28 silly addNameRange     '1.4.1-beta.0',
28 silly addNameRange     '1.4.0-beta.1',
28 silly addNameRange     '1.4.0-beta.2',
28 silly addNameRange     '1.4.0-beta.3',
28 silly addNameRange     '1.4.0-beta.5',
28 silly addNameRange     '1.4.0-beta.6',
28 silly addNameRange     '1.4.0-beta.7',
28 silly addNameRange     '1.3.21-beta.0',
28 silly addNameRange     '1.3.21-beta.1',
28 silly addNameRange     '1.3.21',
28 silly addNameRange     '1.3.22',
28 silly addNameRange     '1.4.0-beta.8',
28 silly addNameRange     '1.4.0-beta.9',
28 silly addNameRange     '1.4.0-beta.10',
28 silly addNameRange     '1.4.0-beta.11',
28 silly addNameRange     '1.4.0-beta.12',
28 silly addNameRange     '1.4.0-beta.13',
28 silly addNameRange     '1.4.0-beta.14',
28 silly addNameRange     '1.4.0-beta.15',
28 silly addNameRange     '1.4.0-beta.16',
28 silly addNameRange     '1.4.0-beta.17',
28 silly addNameRange     '1.4.0-beta.18',
28 silly addNameRange     '1.4.0',
28 silly addNameRange     '1.4.1',
28 silly addNameRange     '1.4.2',
28 silly addNameRange     '1.4.3',
28 silly addNameRange     '1.4.4-beta.0',
28 silly addNameRange     '1.4.4-beta.2',
28 silly addNameRange     '1.4.4',
28 silly addNameRange     '1.4.5-beta.0',
28 silly addNameRange     '1.4.5-beta.1',
28 silly addNameRange     '1.4.5-beta.2',
28 silly addNameRange     '1.4.5-beta.3',
28 silly addNameRange     '1.4.5',
28 silly addNameRange     '1.4.6-beta.0',
28 silly addNameRange     '1.4.6',
28 silly addNameRange     '1.4.7',
28 silly addNameRange     '1.4.8',
28 silly addNameRange     '1.5.0-beta.0',
28 silly addNameRange     '1.5.0-beta.1',
28 silly addNameRange     '1.5.0',
28 silly addNameRange     '1.5.1-beta.0',
28 silly addNameRange     '1.5.1-beta.1',
28 silly addNameRange     '1.5.1-beta.2',
28 silly addNameRange     '1.5.1-beta.3',
28 silly addNameRange     '1.5.1-beta.4',
28 silly addNameRange     '1.5.1',
28 silly addNameRange     '1.5.2',
28 silly addNameRange     '1.5.3',
28 silly addNameRange     '1.5.4',
28 silly addNameRange     '1.5.5',
28 silly addNameRange     '1.6.0-beta.1',
28 silly addNameRange     '1.6.0',
28 silly addNameRange     '1.6.1',
28 silly addNameRange     '1.6.2-beta.0',
28 silly addNameRange     '1.6.2-beta.1',
28 silly addNameRange     '1.6.2-beta.2',
28 silly addNameRange     '1.6.2',
28 silly addNameRange     '1.6.3-beta.0',
28 silly addNameRange     '1.6.3-beta.1',
28 silly addNameRange     '1.6.3',
28 silly addNameRange     '1.6.4-beta.0',
28 silly addNameRange     '1.6.4-beta.1',
28 silly addNameRange     '1.6.4',
28 silly addNameRange     '1.7.0-beta.0',
28 silly addNameRange     '1.7.0-beta.1',
28 silly addNameRange     '1.7.0-beta.2',
28 silly addNameRange     '1.7.0-beta.3',
28 silly addNameRange     '2.0.0-alpha.1',
28 silly addNameRange     '2.0.0-alpha.3',
28 silly addNameRange     '1.7.0-beta.4',
28 silly addNameRange     '1.6.5-testing.0',
28 silly addNameRange     '1.6.5-testing.1',
28 silly addNameRange     '1.6.5-testing.2',
28 silly addNameRange     '1.6.5-testing.3',
28 silly addNameRange     '1.6.5',
28 silly addNameRange     '2.0.0-alpha.4',
28 silly addNameRange     '1.7.0-beta.5',
28 silly addNameRange     '1.7.0-beta.6',
28 silly addNameRange     '1.7.0',
28 silly addNameRange     '2.0.0-alpha.5',
28 silly addNameRange     '2.0.0-alpha.6',
28 silly addNameRange     '1.7.1',
28 silly addNameRange     '2.0.0-alpha.7',
28 silly addNameRange     '2.0.0-alpha.8',
28 silly addNameRange     '1.7.2',
28 silly addNameRange     '1.7.3',
28 silly addNameRange     '1.7.4',
28 silly addNameRange     '1.7.5',
28 silly addNameRange     '1.7.6',
28 silly addNameRange     '1.7.7-beta.0',
28 silly addNameRange     '2.0.0-alpha.9',
28 silly addNameRange     '1.7.7',
28 silly addNameRange     '2.0.0-alpha.10',
28 silly addNameRange     '2.0.0-alpha.11',
28 silly addNameRange     '2.0.0-alpha.12',
28 silly addNameRange     '2.0.0-alpha.13',
28 silly addNameRange     '2.0.0-alpha.14',
28 silly addNameRange     '2.0.0-alpha.15',
28 silly addNameRange     '2.0.0-alpha.16',
28 silly addNameRange     '2.0.0-alpha.17',
28 silly addNameRange     '2.0.0-alpha.18',
28 silly addNameRange     '1.7.8-beta.0',
28 silly addNameRange     '1.7.8-beta.1',
28 silly addNameRange     '1.7.8-beta.2',
28 silly addNameRange     '1.7.8-beta.3',
28 silly addNameRange     '1.7.8',
28 silly addNameRange     '2.0.0-alpha.19',
28 silly addNameRange     '2.0.0-alpha.20',
28 silly addNameRange     '2.0.0-alpha.21',
28 silly addNameRange     '2.0.0-alpha.22',
28 silly addNameRange     '2.0.0-alpha.23',
28 silly addNameRange     '1.7.9',
28 silly addNameRange     '1.7.10',
28 silly addNameRange     '2.0.0-alpha.24',
28 silly addNameRange     '2.0.0-alpha.25',
28 silly addNameRange     '2.0.0-beta.1',
28 silly addNameRange     '1.7.11',
28 silly addNameRange     '2.0.0-beta.2',
28 silly addNameRange     '2.0.0-beta.3',
28 silly addNameRange     '2.0.0-beta.4',
28 silly addNameRange     '2.0.0-beta.5',
28 silly addNameRange     '2.0.0-beta.6',
28 silly addNameRange     '2.0.0-beta.7',
28 silly addNameRange     '2.0.0-beta.8',
28 silly addNameRange     '2.0.0-beta.9',
28 silly addNameRange     '2.0.0-beta.10',
28 silly addNameRange     '2.0.0-beta.11',
28 silly addNameRange     '1.7.12',
28 silly addNameRange     '2.0.0-beta.12',
28 silly addNameRange     '2.0.0-beta.13',
28 silly addNameRange     '2.0.0-beta.14',
28 silly addNameRange     '2.0.0-beta.15',
28 silly addNameRange     '2.0.0-beta.16',
28 silly addNameRange     '2.0.0-beta.17',
28 silly addNameRange     '1.7.13',
28 silly addNameRange     '1.7.14' ] ]
29 silly addNamed ionic@1.7.14
30 verbose addNamed "1.7.14" is a plain semver version for ionic
31 silly mapToRegistry name ionic
32 silly mapToRegistry using default registry
33 silly mapToRegistry registry https://registry.npmjs.org/
34 silly mapToRegistry uri https://registry.npmjs.org/ionic
35 verbose addRemoteTarball https://registry.npmjs.org/ionic/-/ionic-1.7.14.tgz not in flight; adding
36 verbose addRemoteTarball [ 'https://registry.npmjs.org/ionic/-/ionic-1.7.14.tgz',
36 verbose addRemoteTarball   'af493d5df4688d917d778b0934d1739b9be6efe6' ]
37 info retry fetch attempt 1 at 3:00:49 PM
38 info attempt registry request try #1 at 3:00:49 PM
39 http fetch GET https://registry.npmjs.org/ionic/-/ionic-1.7.14.tgz
40 http fetch 200 https://registry.npmjs.org/ionic/-/ionic-1.7.14.tgz
41 silly fetchAndShaCheck shasum af493d5df4688d917d778b0934d1739b9be6efe6
42 verbose stack Error: shasum check failed for /tmp/npm-1111-6e94c267/registry.npmjs.org/ionic/-/ionic-1.7.14.tgz
42 verbose stack Expected: af493d5df4688d917d778b0934d1739b9be6efe6
42 verbose stack Actual:   6c054aef01b7693102c852ec225a9985f583f026
42 verbose stack From:     https://registry.npmjs.org/ionic/-/ionic-1.7.14.tgz
42 verbose stack     at /usr/local/lib/node_modules/npm/node_modules/sha/index.js:25:8
42 verbose stack     at ReadStream.<anonymous> (/usr/local/lib/node_modules/npm/node_modules/sha/index.js:72:7)
42 verbose stack     at emitNone (events.js:72:20)
42 verbose stack     at ReadStream.emit (events.js:166:7)
42 verbose stack     at endReadableNT (_stream_readable.js:903:12)
42 verbose stack     at doNTCallback2 (node.js:439:9)
42 verbose stack     at process._tickCallback (node.js:353:17)
43 verbose cwd /Users/franky/Desktop/Ionic_App/WordFighting
44 error Darwin 15.3.0
45 error argv "/usr/local/bin/node" "/usr/local/bin/npm" "install" "-g" "ionic"
46 error node v4.2.1
47 error npm  v2.14.7
48 error shasum check failed for /tmp/npm-1111-6e94c267/registry.npmjs.org/ionic/-/ionic-1.7.14.tgz
48 error Expected: af493d5df4688d917d778b0934d1739b9be6efe6
48 error Actual:   6c054aef01b7693102c852ec225a9985f583f026
48 error From:     https://registry.npmjs.org/ionic/-/ionic-1.7.14.tgz
49 error If you need help, you may report this error at:
49 error     <https://github.com/npm/npm/issues>
50 verbose exit [ 1, true ]
